{"total": {"lines":{"total":27,"covered":19,"skipped":0,"pct":70.37},"statements":{"total":29,"covered":21,"skipped":0,"pct":72.41},"functions":{"total":8,"covered":8,"skipped":0,"pct":100},"branches":{"total":68,"covered":46,"skipped":0,"pct":67.64},"branchesTrue":{"total":0,"covered":0,"skipped":0,"pct":"Unknown"}}
,"/Users/kc/Desktop/Code/network-mapper/src/runNmap.ts": {"lines":{"total":27,"covered":19,"skipped":0,"pct":70.37},"functions":{"total":8,"covered":8,"skipped":0,"pct":100},"statements":{"total":29,"covered":21,"skipped":0,"pct":72.41},"branches":{"total":68,"covered":46,"skipped":0,"pct":67.64}}
}
